Command line:
"travis"


   ________                                 __
  /        |                               /  |
  ########/ ______    ______    __     __  ##/    _______
     ## |  /      \  /      \  /  \   /  | /  |  /       |
     ## | /######  | ######  | ##  \ /##/  ## | /#######/
     ## | ## |  ##/  /    ## |  ##  /##/   ## | ##      \
     ## | ## |      /####### |   ## ##/    ## |  ######  |
     ## | ## |      ##    ## |    ###/     ## | /     ##/
     ##/  ##/        #######/      #/      ##/  #######/

     TRajectory Analyzer and VISualizer  -  Open-source freeware under GNU GPL v3

     Copyright (c) Martin Brehm      (2009-2015)
                   Martin Thomas     (2012-2015)
                   Barbara Kirchner  (2009-2015)
                   University of Leipzig / University of Bonn.

     http://www.travis-analyzer.de

     Please cite:
     M. Brehm and B. Kirchner, J. Chem. Inf. Model. 2011, 51 (8), pp 2007-2023.

     There is absolutely no warranty on any results obtained from TRAVIS.

  #  Running on ubuntu-git at Wed Jan 24 15:07:06 2018 (PID 9133).
  #  Running in /home/madzerg/17viu18m/workspace/projects/lab12
  #  Source code version: Nov 07 2015.
  #  Compiled at Nov 17 2015 23:12:21.
  #  Compiler version: 5.2.1 20151028
  #  Target platform: Linux
  #  Compile flags: DEBUG_ARRAYS 
  #  Machine: int=4b, long=8b, addr=8b, 0xA0B0C0D0=D0,C0,B0,A0.
  #  User home: /root
  #  Exe path: /usr/bin/travis
  #  Input from terminal, Output to terminal

 >>> Please use a color scheme with dark background or specify "-nocolor"! <<<

    Loading configuration from /root/.travis.conf ...

    No trajectory file specified.
    Please use the -p flag to specify an input trajectory in the command line.

    Enter the file name of the trajectory file to open: [Quit] 

*** SIGINT caught: Hard interrupt by user ***
Stopping Execution.
Decoding line numbers... ("addr2line <addr> -f -i -C -e /usr/bin/travis")
 # 13 - [0x004b5081] - ?? - ??:0 
 # 12 - [0x004b5599] - ?? - ??:0 
 # 11 - [0x004b564a] - ?? - ??:0 
 #  4 - [0x0052b6f4] - ?? - ??:0 
 #  3 - [0x0040ae10] - ?? - ??:0 
 #  1 - [0x004377c9] - ?? - ??:0 
Delivering Control to Operating System.
